h:\c++code\baodian\sise-wamp\sise-wamp\debug\sise-wamp.pch
h:\c++code\baodian\sise-wamp\sise-wamp\debug\vc120.pdb
h:\c++code\baodian\sise-wamp\sise-wamp\debug\vc120.idb
h:\c++code\baodian\sise-wamp\sise-wamp\debug\stdafx.obj
h:\c++code\baodian\sise-wamp\sise-wamp\debug\captionthread.obj
h:\c++code\baodian\sise-wamp\sise-wamp\debug\exit.obj
h:\c++code\baodian\sise-wamp\sise-wamp\debug\myini.obj
h:\c++code\baodian\sise-wamp\sise-wamp\debug\sise-wamp.obj
h:\c++code\baodian\sise-wamp\sise-wamp\debug\sise-wampdlg.obj
h:\c++code\baodian\sise-wamp\debug\sise-wamp.ilk
h:\c++code\baodian\sise-wamp\debug\sise-wamp.exe
h:\c++code\baodian\sise-wamp\debug\sise-wamp.pdb
h:\c++code\baodian\sise-wamp\sise-wamp\debug\sise-wamp.res
h:\c++code\baodian\sise-wamp\sise-wamp\debug\sise-wamp.tlog\cl.command.1.tlog
h:\c++code\baodian\sise-wamp\sise-wamp\debug\sise-wamp.tlog\cl.read.1.tlog
h:\c++code\baodian\sise-wamp\sise-wamp\debug\sise-wamp.tlog\cl.write.1.tlog
h:\c++code\baodian\sise-wamp\sise-wamp\debug\sise-wamp.tlog\link.command.1.tlog
h:\c++code\baodian\sise-wamp\sise-wamp\debug\sise-wamp.tlog\link.read.1.tlog
h:\c++code\baodian\sise-wamp\sise-wamp\debug\sise-wamp.tlog\link.write.1.tlog
h:\c++code\baodian\sise-wamp\sise-wamp\debug\sise-wamp.tlog\rc.command.1.tlog
h:\c++code\baodian\sise-wamp\sise-wamp\debug\sise-wamp.tlog\rc.read.1.tlog
h:\c++code\baodian\sise-wamp\sise-wamp\debug\sise-wamp.tlog\rc.write.1.tlog
